<?xml version="1.0" encoding="UTF-8"?>
<!-- Generated by org.testng.reporters.JUnitReportReporter -->
<testsuite hostname="DESKTOP-6SNNMI0" failures="0" tests="1" name="Zerodha.MainTEST" time="2.686" errors="0" timestamp="2022-05-24T16:45:42 IST" skipped="0">
  <testcase classname="Zerodha.MainTEST" name="testcases" time="2.686"/>
  <system-out/>
</testsuite> <!-- Zerodha.MainTEST -->
